#
# There is insufficient memory for the Java Runtime Environment to continue.
# Native memory allocation (malloc) failed to allocate 32744 bytes. Error detail: Chunk::new
# Possible reasons:
#   The system is out of physical RAM or swap space
#   This process is running with CompressedOops enabled, and the Java Heap may be blocking the growth of the native heap
# Possible solutions:
#   Reduce memory load on the system
#   Increase physical memory or swap space
#   Check if swap backing store is full
#   Decrease Java heap size (-Xmx/-Xms)
#   Decrease number of Java threads
#   Decrease Java thread stack sizes (-Xss)
#   Set larger code cache with -XX:ReservedCodeCacheSize=
#   JVM is running with Unscaled Compressed Oops mode in which the Java heap is
#     placed in the first 4GB address space. The Java Heap base address is the
#     maximum limit for the native heap growth. Please use -XX:HeapBaseMinAddress
#     to set the Java Heap base and to place the Java Heap above 4GB virtual address.
# This output file may be truncated or incomplete.
#
#  Out of Memory Error (arena.cpp:168), pid=26976, tid=31080
#
# JRE version: OpenJDK Runtime Environment Temurin-21.0.8+9 (21.0.8+9) (build 21.0.8+9-LTS)
# Java VM: OpenJDK 64-Bit Server VM Temurin-21.0.8+9 (21.0.8+9-LTS, mixed mode, sharing, tiered, compressed oops, compressed class ptrs, parallel gc, windows-amd64)
# No core dump will be written. Minidumps are not enabled by default on client versions of Windows
#

---------------  S U M M A R Y ------------

Command Line: --add-modules=ALL-SYSTEM --add-opens=java.base/java.util=ALL-UNNAMED --add-opens=java.base/java.lang=ALL-UNNAMED --add-opens=java.base/sun.nio.fs=ALL-UNNAMED -Declipse.application=org.eclipse.jdt.ls.core.id1 -Dosgi.bundles.defaultStartLevel=4 -Declipse.product=org.eclipse.jdt.ls.core.product -Djava.import.generatesMetadataFilesAtProjectRoot=false -DDetectVMInstallationsJob.disabled=true -Dfile.encoding=utf8 -XX:+UseParallelGC -XX:GCTimeRatio=4 -XX:AdaptiveSizePolicyWeight=90 -Dsun.zip.disableMemoryMapping=true -Xmx2G -Xms100m -Xlog:disable -javaagent:c:\Users\mimit\.vscode\extensions\redhat.java-1.44.0-win32-x64\lombok\lombok-1.18.39-4050.jar -XX:+HeapDumpOnOutOfMemoryError -XX:HeapDumpPath=c:\Users\mimit\AppData\Roaming\Code\User\workspaceStorage\c500566edd2b8e86bb1b50e6f5aad8b1\redhat.java -Daether.dependencyCollector.impl=bf c:\Users\mimit\.vscode\extensions\redhat.java-1.44.0-win32-x64\server\plugins\org.eclipse.equinox.launcher_1.7.0.v20250519-0528.jar -configuration c:\Users\mimit\AppData\Roaming\Code\User\globalStorage\redhat.java\1.44.0\config_win -data c:\Users\mimit\AppData\Roaming\Code\User\workspaceStorage\c500566edd2b8e86bb1b50e6f5aad8b1\redhat.java\jdt_ws --pipe=\\.\pipe\lsp-84bef2feed2f07dcabfe21960c0de82d-sock

Host: AMD Ryzen 5 5500U with Radeon Graphics         , 12 cores, 15G,  Windows 10 , 64 bit Build 19041 (10.0.19041.5915)
Time: Wed Sep  3 13:03:36 2025 W. Europe Summer Time elapsed time: 44.959735 seconds (0d 0h 0m 44s)

---------------  T H R E A D  ---------------

Current thread (0x00000136721727b0):  JavaThread "C2 CompilerThread0" daemon [_thread_in_native, id=31080, stack(0x000000224f100000,0x000000224f200000) (1024K)]


Current CompileTask:
C2:44959 11161 %     4       java.util.Properties::load0 @ 29 (249 bytes)

Stack: [0x000000224f100000,0x000000224f200000]
Native frames: (J=compiled Java code, j=interpreted, Vv=VM code, C=native code)
V  [jvm.dll+0x6d2449]
V  [jvm.dll+0x8ae341]
V  [jvm.dll+0x8b08be]
V  [jvm.dll+0x8b0fa3]
V  [jvm.dll+0x280c96]
V  [jvm.dll+0xc581d]
V  [jvm.dll+0xc5d53]
V  [jvm.dll+0x3be99d]
V  [jvm.dll+0x3be1c1]
V  [jvm.dll+0x3be204]
V  [jvm.dll+0x1e3dee]
V  [jvm.dll+0x3b935b]
V  [jvm.dll+0x3b8465]
V  [jvm.dll+0x1e1248]
V  [jvm.dll+0x249022]
V  [jvm.dll+0x2484af]
V  [jvm.dll+0x1c89ee]
V  [jvm.dll+0x257d4d]
V  [jvm.dll+0x2562ea]
V  [jvm.dll+0x3f2d16]
V  [jvm.dll+0x857e6b]
V  [jvm.dll+0x6d0b0d]
C  [ucrtbase.dll+0x21bb2]
C  [KERNEL32.DLL+0x17374]
C  [ntdll.dll+0x4cc91]


---------------  P R O C E S S  ---------------

Threads class SMR info:
_java_thread_list=0x0000013677abce90, length=68, elements={
0x00000136597d73c0, 0x00000136702764b0, 0x00000136702783c0, 0x00000136702796e0,
0x000001367027b6a0, 0x000001367027dc00, 0x000001367027e850, 0x00000136721727b0,
0x00000136721e3e90, 0x00000136722707f0, 0x00000136724ae880, 0x00000136770ff620,
0x000001367703f7d0, 0x00000136772957d0, 0x000001367729d980, 0x00000136775a3fb0,
0x00000136775f4a80, 0x0000013672b60a20, 0x0000013672b61740, 0x0000013672b5e2c0,
0x0000013672b5e950, 0x0000013672b5f670, 0x0000013672b60390, 0x0000013672735210,
0x0000013672734b80, 0x0000013672738000, 0x00000136727372e0, 0x00000136727393b0,
0x00000136727344f0, 0x0000013672738690, 0x0000013672737970, 0x0000013672732ab0,
0x00000136727337d0, 0x000001367273a0d0, 0x0000013672733e60, 0x0000013672735f30,
0x00000136727358a0, 0x00000136727365c0, 0x000001367b9d0f60, 0x000001367b9d5e20,
0x000001367b9d5790, 0x000001367b9cf520, 0x000001367b9d15f0, 0x000001367b9d4a70,
0x000001367b9d64b0, 0x000001367b9d36c0, 0x000001367b9d0240, 0x000001367b9cfbb0,
0x000001367b9d5100, 0x000001367b9d2310, 0x000001367b9d3d50, 0x000001367b9d6b40,
0x000001367b9d08d0, 0x000001367b9d1c80, 0x000001367b9d29a0, 0x000001367b9d3030,
0x000001367b9d43e0, 0x0000013672738d20, 0x0000013672733140, 0x0000013672736c50,
0x0000013672b5efe0, 0x000001367896dea0, 0x000001367896f8e0, 0x000001367896a390,
0x000001367896d810, 0x000001367896c460, 0x000001367896aa20, 0x000001367b2f2cf0
}

Java Threads: ( => current thread )
  0x00000136597d73c0 JavaThread "main"                              [_thread_blocked, id=31352, stack(0x000000224e700000,0x000000224e800000) (1024K)]
  0x00000136702764b0 JavaThread "Reference Handler"          daemon [_thread_blocked, id=15996, stack(0x000000224eb00000,0x000000224ec00000) (1024K)]
  0x00000136702783c0 JavaThread "Finalizer"                  daemon [_thread_blocked, id=18400, stack(0x000000224ec00000,0x000000224ed00000) (1024K)]
  0x00000136702796e0 JavaThread "Signal Dispatcher"          daemon [_thread_blocked, id=18044, stack(0x000000224ed00000,0x000000224ee00000) (1024K)]
  0x000001367027b6a0 JavaThread "Attach Listener"            daemon [_thread_blocked, id=28624, stack(0x000000224ee00000,0x000000224ef00000) (1024K)]
  0x000001367027dc00 JavaThread "Service Thread"             daemon [_thread_blocked, id=30292, stack(0x000000224ef00000,0x000000224f000000) (1024K)]
  0x000001367027e850 JavaThread "Monitor Deflation Thread"   daemon [_thread_blocked, id=29920, stack(0x000000224f000000,0x000000224f100000) (1024K)]
=>0x00000136721727b0 JavaThread "C2 CompilerThread0"         daemon [_thread_in_native, id=31080, stack(0x000000224f100000,0x000000224f200000) (1024K)]
  0x00000136721e3e90 JavaThread "C1 CompilerThread0"         daemon [_thread_blocked, id=27536, stack(0x000000224f200000,0x000000224f300000) (1024K)]
  0x00000136722707f0 JavaThread "Common-Cleaner"             daemon [_thread_blocked, id=11820, stack(0x000000224f300000,0x000000224f400000) (1024K)]
  0x00000136724ae880 JavaThread "Notification Thread"        daemon [_thread_blocked, id=29972, stack(0x000000224f400000,0x000000224f500000) (1024K)]
  0x00000136770ff620 JavaThread "Active Thread: Equinox Container: cbc1291c-f889-41c8-8b28-a287e3bab49f"        [_thread_blocked, id=26552, stack(0x000000224fd00000,0x000000224fe00000) (1024K)]
  0x000001367703f7d0 JavaThread "Refresh Thread: Equinox Container: cbc1291c-f889-41c8-8b28-a287e3bab49f" daemon [_thread_blocked, id=9884, stack(0x000000224ff00000,0x0000002250000000) (1024K)]
  0x00000136772957d0 JavaThread "Framework Event Dispatcher: Equinox Container: cbc1291c-f889-41c8-8b28-a287e3bab49f" daemon [_thread_blocked, id=20776, stack(0x0000002250000000,0x0000002250100000) (1024K)]
  0x000001367729d980 JavaThread "Start Level: Equinox Container: cbc1291c-f889-41c8-8b28-a287e3bab49f" daemon [_thread_blocked, id=25548, stack(0x0000002250100000,0x0000002250200000) (1024K)]
  0x00000136775a3fb0 JavaThread "Bundle File Closer"         daemon [_thread_blocked, id=27484, stack(0x0000002250400000,0x0000002250500000) (1024K)]
  0x00000136775f4a80 JavaThread "SCR Component Actor"        daemon [_thread_blocked, id=21864, stack(0x000000224f500000,0x000000224f600000) (1024K)]
  0x0000013672b60a20 JavaThread "Worker-JM"                         [_thread_blocked, id=2404, stack(0x0000002250600000,0x0000002250700000) (1024K)]
  0x0000013672b61740 JavaThread "JNA Cleaner"                daemon [_thread_blocked, id=25444, stack(0x0000002250500000,0x0000002250600000) (1024K)]
  0x0000013672b5e2c0 JavaThread "Worker-0"                          [_thread_blocked, id=13452, stack(0x0000002250700000,0x0000002250800000) (1024K)]
  0x0000013672b5e950 JavaThread "Worker-1"                          [_thread_blocked, id=29688, stack(0x0000002250800000,0x0000002250900000) (1024K)]
  0x0000013672b5f670 JavaThread "Worker-2"                          [_thread_blocked, id=31392, stack(0x0000002250a00000,0x0000002250b00000) (1024K)]
  0x0000013672b60390 JavaThread "Worker-3"                          [_thread_blocked, id=12576, stack(0x0000002250b00000,0x0000002250c00000) (1024K)]
  0x0000013672735210 JavaThread "Java indexing"              daemon [_thread_blocked, id=31500, stack(0x0000002250d00000,0x0000002250e00000) (1024K)]
  0x0000013672734b80 JavaThread "Worker-4"                          [_thread_blocked, id=18176, stack(0x0000002250e00000,0x0000002250f00000) (1024K)]
  0x0000013672738000 JavaThread "Worker-5: Initialize After Load"        [_thread_blocked, id=23756, stack(0x0000002250f00000,0x0000002251000000) (1024K)]
  0x00000136727372e0 JavaThread "Worker-6"                          [_thread_blocked, id=30828, stack(0x0000002251400000,0x0000002251500000) (1024K)]
  0x00000136727393b0 JavaThread "Worker-7"                          [_thread_blocked, id=31420, stack(0x0000002251500000,0x0000002251600000) (1024K)]
  0x00000136727344f0 JavaThread "Thread-2"                   daemon [_thread_in_native, id=29968, stack(0x0000002251600000,0x0000002251700000) (1024K)]
  0x0000013672738690 JavaThread "Thread-3"                   daemon [_thread_in_native, id=9860, stack(0x0000002251700000,0x0000002251800000) (1024K)]
  0x0000013672737970 JavaThread "Thread-4"                   daemon [_thread_in_native, id=25504, stack(0x0000002251800000,0x0000002251900000) (1024K)]
  0x0000013672732ab0 JavaThread "Thread-5"                   daemon [_thread_in_native, id=29720, stack(0x0000002251900000,0x0000002251a00000) (1024K)]
  0x00000136727337d0 JavaThread "Thread-6"                   daemon [_thread_in_native, id=29928, stack(0x0000002251a00000,0x0000002251b00000) (1024K)]
  0x000001367273a0d0 JavaThread "Thread-7"                   daemon [_thread_in_native, id=25440, stack(0x0000002251b00000,0x0000002251c00000) (1024K)]
  0x0000013672733e60 JavaThread "Thread-8"                   daemon [_thread_in_native, id=17124, stack(0x0000002251c00000,0x0000002251d00000) (1024K)]
  0x0000013672735f30 JavaThread "Thread-9"                   daemon [_thread_in_native, id=25804, stack(0x0000002251d00000,0x0000002251e00000) (1024K)]
  0x00000136727358a0 JavaThread "Thread-10"                  daemon [_thread_in_native, id=3940, stack(0x0000002251e00000,0x0000002251f00000) (1024K)]
  0x00000136727365c0 JavaThread "Thread-11"                  daemon [_thread_in_native, id=31092, stack(0x0000002251f00000,0x0000002252000000) (1024K)]
  0x000001367b9d0f60 JavaThread "Thread-12"                  daemon [_thread_in_native, id=30964, stack(0x0000002252000000,0x0000002252100000) (1024K)]
  0x000001367b9d5e20 JavaThread "Thread-13"                  daemon [_thread_in_native, id=29704, stack(0x0000002252100000,0x0000002252200000) (1024K)]
  0x000001367b9d5790 JavaThread "Thread-14"                  daemon [_thread_in_native, id=29252, stack(0x0000002252200000,0x0000002252300000) (1024K)]
  0x000001367b9cf520 JavaThread "pool-2-thread-1"                   [_thread_blocked, id=18368, stack(0x0000002252300000,0x0000002252400000) (1024K)]
  0x000001367b9d15f0 JavaThread "WorkspaceEventsHandler"            [_thread_blocked, id=19932, stack(0x0000002251000000,0x0000002251100000) (1024K)]
  0x000001367b9d4a70 JavaThread "pool-1-thread-1"                   [_thread_blocked, id=31048, stack(0x0000002251100000,0x0000002251200000) (1024K)]
  0x000001367b9d64b0 JavaThread "Worker-8: Building"                [_thread_blocked, id=30344, stack(0x000000224f600000,0x000000224f700000) (1024K)]
  0x000001367b9d36c0 JavaThread "LocalFile Deleter"          daemon [_thread_blocked, id=31140, stack(0x0000002251200000,0x0000002251300000) (1024K)]
  0x000001367b9d0240 JavaThread "LocalFile Deleter"          daemon [_thread_blocked, id=22312, stack(0x0000002251300000,0x0000002251400000) (1024K)]
  0x000001367b9cfbb0 JavaThread "LocalFile Deleter"          daemon [_thread_blocked, id=25736, stack(0x0000002252400000,0x0000002252500000) (1024K)]
  0x000001367b9d5100 JavaThread "LocalFile Deleter"          daemon [_thread_blocked, id=24596, stack(0x0000002252500000,0x0000002252600000) (1024K)]
  0x000001367b9d2310 JavaThread "LocalFile Deleter"          daemon [_thread_blocked, id=26524, stack(0x0000002252600000,0x0000002252700000) (1024K)]
  0x000001367b9d3d50 JavaThread "LocalFile Deleter"          daemon [_thread_blocked, id=31652, stack(0x0000002252700000,0x0000002252800000) (1024K)]
  0x000001367b9d6b40 JavaThread "LocalFile Deleter"          daemon [_thread_blocked, id=4988, stack(0x0000002252800000,0x0000002252900000) (1024K)]
  0x000001367b9d08d0 JavaThread "LocalFile Deleter"          daemon [_thread_blocked, id=31496, stack(0x0000002252900000,0x0000002252a00000) (1024K)]
  0x000001367b9d1c80 JavaThread "LocalFile Deleter"          daemon [_thread_blocked, id=26680, stack(0x0000002252a00000,0x0000002252b00000) (1024K)]
  0x000001367b9d29a0 JavaThread "LocalFile Deleter"          daemon [_thread_blocked, id=28792, stack(0x0000002252b00000,0x0000002252c00000) (1024K)]
  0x000001367b9d3030 JavaThread "LocalFile Deleter"          daemon [_thread_blocked, id=25884, stack(0x0000002252c00000,0x0000002252d00000) (1024K)]
  0x000001367b9d43e0 JavaThread "LocalFile Deleter"          daemon [_thread_blocked, id=11988, stack(0x0000002252d00000,0x0000002252e00000) (1024K)]
  0x0000013672738d20 JavaThread "Compiler Source File Reader" daemon [_thread_blocked, id=29188, stack(0x0000002252e00000,0x0000002252f00000) (1024K)]
  0x0000013672733140 JavaThread "Compiler Source File Reader" daemon [_thread_blocked, id=25384, stack(0x0000002252f00000,0x0000002253000000) (1024K)]
  0x0000013672736c50 JavaThread "Compiler Processing Task"   daemon [_thread_blocked, id=30928, stack(0x0000002253000000,0x0000002253100000) (1024K)]
  0x0000013672b5efe0 JavaThread "Compiler Class File Writer" daemon [_thread_blocked, id=28544, stack(0x0000002253100000,0x0000002253200000) (1024K)]
  0x000001367896dea0 JavaThread "Compiler Class File Writer" daemon [_thread_blocked, id=21352, stack(0x0000002253200000,0x0000002253300000) (1024K)]
  0x000001367896f8e0 JavaThread "ParallelDescriptorResolver-1-0" daemon [_thread_in_native, id=25772, stack(0x0000002250c00000,0x0000002250d00000) (1024K)]
  0x000001367896a390 JavaThread "ParallelDescriptorResolver-1-1" daemon [_thread_blocked, id=19796, stack(0x0000002253300000,0x0000002253400000) (1024K)]
  0x000001367896d810 JavaThread "ParallelDescriptorResolver-1-2" daemon [_thread_blocked, id=26248, stack(0x0000002253400000,0x0000002253500000) (1024K)]
  0x000001367896c460 JavaThread "ParallelDescriptorResolver-1-3" daemon [_thread_blocked, id=23984, stack(0x0000002253500000,0x0000002253600000) (1024K)]
  0x000001367896aa20 JavaThread "ParallelDescriptorResolver-1-4" daemon [_thread_blocked, id=29816, stack(0x0000002253600000,0x0000002253700000) (1024K)]
  0x000001367b2f2cf0 JavaThread "C2 CompilerThread1"         daemon [_thread_in_native, id=28564, stack(0x0000002250900000,0x0000002250a00000) (1024K)]
Total: 68

Other Threads:
  0x0000013670262850 VMThread "VM Thread"                           [id=18472, stack(0x000000224ea00000,0x000000224eb00000) (1024K)]
  0x0000013659842fb0 WatcherThread "VM Periodic Task Thread"        [id=27544, stack(0x000000224e900000,0x000000224ea00000) (1024K)]
  0x00000136597f55f0 WorkerThread "GC Thread#0"                     [id=29412, stack(0x000000224e800000,0x000000224e900000) (1024K)]
  0x00000136729432c0 WorkerThread "GC Thread#1"                     [id=29576, stack(0x000000224f700000,0x000000224f800000) (1024K)]
  0x0000013672a6a410 WorkerThread "GC Thread#2"                     [id=27140, stack(0x000000224f800000,0x000000224f900000) (1024K)]
  0x0000013672a6a7b0 WorkerThread "GC Thread#3"                     [id=15500, stack(0x000000224f900000,0x000000224fa00000) (1024K)]
  0x0000013672a6af60 WorkerThread "GC Thread#4"                     [id=31588, stack(0x000000224fa00000,0x000000224fb00000) (1024K)]
  0x0000013672a6b300 WorkerThread "GC Thread#5"                     [id=30272, stack(0x000000224fb00000,0x000000224fc00000) (1024K)]
  0x0000013672a6b6a0 WorkerThread "GC Thread#6"                     [id=30036, stack(0x000000224fc00000,0x000000224fd00000) (1024K)]
  0x000001367701c4a0 WorkerThread "GC Thread#7"                     [id=29916, stack(0x000000224fe00000,0x000000224ff00000) (1024K)]
  0x0000013672d33a40 WorkerThread "GC Thread#8"                     [id=28732, stack(0x0000002250200000,0x0000002250300000) (1024K)]
  0x0000013672d336a0 WorkerThread "GC Thread#9"                     [id=26732, stack(0x0000002250300000,0x0000002250400000) (1024K)]
Total: 12

Threads with active compile tasks:
C2 CompilerThread0  45035 11161 %     4       java.util.Properties::load0 @ 29 (249 bytes)
C2 CompilerThread1  45035 11184       4       org.apache.maven.RepositoryUtils::toRepo (118 bytes)
Total: 2

VM state: not at safepoint (normal execution)

VM Mutex/Monitor currently owned by a thread: None

Heap address: 0x0000000080000000, size: 2048 MB, Compressed Oops mode: 32-bit

CDS archive(s) mapped at: [0x0000013600000000-0x0000013600ba0000-0x0000013600ba0000), size 12189696, SharedBaseAddress: 0x0000013600000000, ArchiveRelocationMode: 1.
Compressed class space mapped at: 0x0000013601000000-0x0000013641000000, reserved size: 1073741824
Narrow klass base: 0x0000013600000000, Narrow klass shift: 0, Narrow klass range: 0x100000000

GC Precious Log:
 CardTable entry size: 512
 CPUs: 12 total, 12 available
 Memory: 15772M
 Large Page Support: Disabled
 NUMA Support: Disabled
 Compressed Oops: Enabled (32-bit)
 Alignments: Space 512K, Generation 512K, Heap 2M
 Heap Min Capacity: 100M
 Heap Initial Capacity: 100M
 Heap Max Capacity: 2G
 Pre-touch: Disabled
 Parallel Workers: 10

Heap:
 PSYoungGen      total 2048K, used 1639K [0x00000000d5580000, 0x00000000d5880000, 0x0000000100000000)
  eden space 1536K, 90% used [0x00000000d5580000,0x00000000d56d9d38,0x00000000d5700000)
  from space 512K, 50% used [0x00000000d5780000,0x00000000d57c0000,0x00000000d5800000)
  to   space 512K, 0% used [0x00000000d5800000,0x00000000d5800000,0x00000000d5880000)
 ParOldGen       total 416256K, used 181055K [0x0000000080000000, 0x0000000099680000, 0x00000000d5580000)
  object space 416256K, 43% used [0x0000000080000000,0x000000008b0cfe08,0x0000000099680000)
 Metaspace       used 59183K, committed 60544K, reserved 1114112K
  class space    used 6216K, committed 6848K, reserved 1048576K

Card table byte_map: [0x0000013659180000,0x0000013659590000] _byte_map_base: 0x0000013658d80000

Marking Bits: (ParMarkBitMap*) 0x00007ffda369a340
 Begin Bits: [0x000001366bc80000, 0x000001366dc80000)
 End Bits:   [0x000001366dc80000, 0x000001366fc80000)

Polling page: 0x00000136577a0000

Metaspace:

Usage:
  Non-class:     51.73 MB used.
      Class:      6.07 MB used.
       Both:     57.80 MB used.

Virtual space:
  Non-class space:       64.00 MB reserved,      52.44 MB ( 82%) committed,  1 nodes.
      Class space:        1.00 GB reserved,       6.69 MB ( <1%) committed,  1 nodes.
             Both:        1.06 GB reserved,      59.12 MB (  5%) committed. 

Chunk freelists:
   Non-Class:  10.78 MB
       Class:  9.27 MB
        Both:  20.05 MB

MaxMetaspaceSize: unlimited
CompressedClassSpaceSize: 1.00 GB
Initial GC threshold: 21.00 MB
Current GC threshold: 98.12 MB
CDS: on
 - commit_granule_bytes: 65536.
 - commit_granule_words: 8192.
 - virtual_space_node_default_size: 8388608.
 - enlarge_chunks_in_place: 1.
 - use_allocation_guard: 0.


Internal statistics:

num_allocs_failed_limit: 15.
num_arena_births: 1030.
num_arena_deaths: 34.
num_vsnodes_births: 2.
num_vsnodes_deaths: 0.
num_space_committed: 946.
num_space_uncommitted: 0.
num_chunks_returned_to_freelist: 56.
num_chunks_taken_from_freelist: 3860.
num_chunk_merges: 20.
num_chunk_splits: 2320.
num_chunks_enlarged: 1244.
num_inconsistent_stats: 0.

CodeHeap 'non-profiled nmethods': size=120000Kb used=8020Kb max_used=8020Kb free=111979Kb
 bounds [0x00000136644a0000, 0x0000013664c80000, 0x000001366b9d0000]
CodeHeap 'profiled nmethods': size=120000Kb used=22223Kb max_used=22223Kb free=97776Kb
 bounds [0x000001365c9d0000, 0x000001365df90000, 0x0000013663f00000]
CodeHeap 'non-nmethods': size=5760Kb used=1410Kb max_used=1482Kb free=4349Kb
 bounds [0x0000013663f00000, 0x0000013664170000, 0x00000136644a0000]
CodeCache: size=245760Kb, used=31653Kb, max_used=31725Kb, free=214104Kb
 total_blobs=11086, nmethods=10367, adapters=625, full_count=0
Compilation: enabled, stopped_count=0, restarted_count=0

Compilation events (20 events):
Event: 44.715 Thread 0x00000136721e3e90 11178       3       org.codehaus.plexus.util.xml.Xpp3Dom::getChildrenAsList (88 bytes)
Event: 44.716 Thread 0x00000136721e3e90 nmethod 11178 0x000001365df80a10 code [0x000001365df80ca0, 0x000001365df819f8]
Event: 44.736 Thread 0x000001367b2f2cf0 nmethod 11173 0x0000013664c6e910 code [0x0000013664c6eba0, 0x0000013664c6f510]
Event: 44.736 Thread 0x000001367b2f2cf0 11175       4       sun.security.provider.HashDrbg::addBytes (130 bytes)
Event: 44.750 Thread 0x000001367b2f2cf0 nmethod 11175 0x0000013664c70490 code [0x0000013664c70620, 0x0000013664c709f0]
Event: 44.750 Thread 0x000001367b2f2cf0 11177   !   4       org.eclipse.osgi.internal.hooks.EclipseLazyStarter::postFindLocalClass (394 bytes)
Event: 44.788 Thread 0x00000136721e3e90 11180   !   3       org.apache.maven.model.MailingList::clone (105 bytes)
Event: 44.790 Thread 0x00000136721e3e90 nmethod 11180 0x000001365df81f10 code [0x000001365df82200, 0x000001365df831d0]
Event: 44.790 Thread 0x00000136721e3e90 11182       3       org.apache.maven.model.building.DefaultModelProblemCollector::addAll (57 bytes)
Event: 44.791 Thread 0x00000136721e3e90 nmethod 11182 0x000001365df83890 code [0x000001365df83ac0, 0x000001365df84258]
Event: 44.791 Thread 0x00000136721e3e90 11181       1       org.eclipse.aether.DefaultRepositorySystemSession::isIgnoreArtifactDescriptorRepositories (5 bytes)
Event: 44.791 Thread 0x00000136721e3e90 nmethod 11181 0x0000013664c70b90 code [0x0000013664c70d20, 0x0000013664c70df0]
Event: 44.798 Thread 0x000001367b2f2cf0 nmethod 11177 0x0000013664c70e90 code [0x0000013664c711c0, 0x0000013664c72448]
Event: 44.799 Thread 0x000001367b2f2cf0 11179       4       java.lang.AbstractStringBuilder::append (55 bytes)
Event: 44.826 Thread 0x000001367b2f2cf0 nmethod 11179 0x0000013664c73510 code [0x0000013664c73700, 0x0000013664c740d0]
Event: 44.826 Thread 0x000001367b2f2cf0 11174       4       java.util.ArrayList::add (65 bytes)
Event: 44.837 Thread 0x000001367b2f2cf0 nmethod 11174 0x0000013664c74590 code [0x0000013664c74760, 0x0000013664c74c48]
Event: 44.877 Thread 0x000001367b2f2cf0 11183       4       org.apache.maven.RepositoryUtils::toProxy (56 bytes)
Event: 44.878 Thread 0x000001367b2f2cf0 nmethod 11183 0x0000013664c74f10 code [0x0000013664c750a0, 0x0000013664c75128]
Event: 44.885 Thread 0x000001367b2f2cf0 11184       4       org.apache.maven.RepositoryUtils::toRepo (118 bytes)

GC Heap History (20 events):
Event: 44.379 GC heap before
{Heap before GC invocations=514 (full 3):
 PSYoungGen      total 2048K, used 1823K [0x00000000d5580000, 0x00000000d5880000, 0x0000000100000000)
  eden space 1536K, 99% used [0x00000000d5580000,0x00000000d56fffb0,0x00000000d5700000)
  from space 512K, 56% used [0x00000000d5800000,0x00000000d5848000,0x00000000d5880000)
  to   space 512K, 0% used [0x00000000d5780000,0x00000000d5780000,0x00000000d5800000)
 ParOldGen       total 416256K, used 180015K [0x0000000080000000, 0x0000000099680000, 0x00000000d5580000)
  object space 416256K, 43% used [0x0000000080000000,0x000000008afcbe08,0x0000000099680000)
 Metaspace       used 59175K, committed 60544K, reserved 1114112K
  class space    used 6216K, committed 6848K, reserved 1048576K
}
Event: 44.380 GC heap after
{Heap after GC invocations=514 (full 3):
 PSYoungGen      total 2048K, used 288K [0x00000000d5580000, 0x00000000d5880000, 0x0000000100000000)
  eden space 1536K, 0% used [0x00000000d5580000,0x00000000d5580000,0x00000000d5700000)
  from space 512K, 56% used [0x00000000d5780000,0x00000000d57c8000,0x00000000d5800000)
  to   space 512K, 0% used [0x00000000d5800000,0x00000000d5800000,0x00000000d5880000)
 ParOldGen       total 416256K, used 180103K [0x0000000080000000, 0x0000000099680000, 0x00000000d5580000)
  object space 416256K, 43% used [0x0000000080000000,0x000000008afe1e08,0x0000000099680000)
 Metaspace       used 59175K, committed 60544K, reserved 1114112K
  class space    used 6216K, committed 6848K, reserved 1048576K
}
Event: 44.437 GC heap before
{Heap before GC invocations=515 (full 3):
 PSYoungGen      total 2048K, used 1824K [0x00000000d5580000, 0x00000000d5880000, 0x0000000100000000)
  eden space 1536K, 100% used [0x00000000d5580000,0x00000000d5700000,0x00000000d5700000)
  from space 512K, 56% used [0x00000000d5780000,0x00000000d57c8000,0x00000000d5800000)
  to   space 512K, 0% used [0x00000000d5800000,0x00000000d5800000,0x00000000d5880000)
 ParOldGen       total 416256K, used 180103K [0x0000000080000000, 0x0000000099680000, 0x00000000d5580000)
  object space 416256K, 43% used [0x0000000080000000,0x000000008afe1e08,0x0000000099680000)
 Metaspace       used 59175K, committed 60544K, reserved 1114112K
  class space    used 6216K, committed 6848K, reserved 1048576K
}
Event: 44.439 GC heap after
{Heap after GC invocations=515 (full 3):
 PSYoungGen      total 2048K, used 288K [0x00000000d5580000, 0x00000000d5880000, 0x0000000100000000)
  eden space 1536K, 0% used [0x00000000d5580000,0x00000000d5580000,0x00000000d5700000)
  from space 512K, 56% used [0x00000000d5800000,0x00000000d5848000,0x00000000d5880000)
  to   space 512K, 0% used [0x00000000d5780000,0x00000000d5780000,0x00000000d5800000)
 ParOldGen       total 416256K, used 180159K [0x0000000080000000, 0x0000000099680000, 0x00000000d5580000)
  object space 416256K, 43% used [0x0000000080000000,0x000000008afefe08,0x0000000099680000)
 Metaspace       used 59175K, committed 60544K, reserved 1114112K
  class space    used 6216K, committed 6848K, reserved 1048576K
}
Event: 44.493 GC heap before
{Heap before GC invocations=516 (full 3):
 PSYoungGen      total 2048K, used 1824K [0x00000000d5580000, 0x00000000d5880000, 0x0000000100000000)
  eden space 1536K, 100% used [0x00000000d5580000,0x00000000d5700000,0x00000000d5700000)
  from space 512K, 56% used [0x00000000d5800000,0x00000000d5848000,0x00000000d5880000)
  to   space 512K, 0% used [0x00000000d5780000,0x00000000d5780000,0x00000000d5800000)
 ParOldGen       total 416256K, used 180159K [0x0000000080000000, 0x0000000099680000, 0x00000000d5580000)
  object space 416256K, 43% used [0x0000000080000000,0x000000008afefe08,0x0000000099680000)
 Metaspace       used 59177K, committed 60544K, reserved 1114112K
  class space    used 6216K, committed 6848K, reserved 1048576K
}
Event: 44.495 GC heap after
{Heap after GC invocations=516 (full 3):
 PSYoungGen      total 2048K, used 288K [0x00000000d5580000, 0x00000000d5880000, 0x0000000100000000)
  eden space 1536K, 0% used [0x00000000d5580000,0x00000000d5580000,0x00000000d5700000)
  from space 512K, 56% used [0x00000000d5780000,0x00000000d57c8000,0x00000000d5800000)
  to   space 512K, 0% used [0x00000000d5800000,0x00000000d5800000,0x00000000d5880000)
 ParOldGen       total 416256K, used 180207K [0x0000000080000000, 0x0000000099680000, 0x00000000d5580000)
  object space 416256K, 43% used [0x0000000080000000,0x000000008affbe08,0x0000000099680000)
 Metaspace       used 59177K, committed 60544K, reserved 1114112K
  class space    used 6216K, committed 6848K, reserved 1048576K
}
Event: 44.517 GC heap before
{Heap before GC invocations=517 (full 3):
 PSYoungGen      total 2048K, used 1824K [0x00000000d5580000, 0x00000000d5880000, 0x0000000100000000)
  eden space 1536K, 100% used [0x00000000d5580000,0x00000000d5700000,0x00000000d5700000)
  from space 512K, 56% used [0x00000000d5780000,0x00000000d57c8000,0x00000000d5800000)
  to   space 512K, 0% used [0x00000000d5800000,0x00000000d5800000,0x00000000d5880000)
 ParOldGen       total 416256K, used 180207K [0x0000000080000000, 0x0000000099680000, 0x00000000d5580000)
  object space 416256K, 43% used [0x0000000080000000,0x000000008affbe08,0x0000000099680000)
 Metaspace       used 59178K, committed 60544K, reserved 1114112K
  class space    used 6216K, committed 6848K, reserved 1048576K
}
Event: 44.519 GC heap after
{Heap after GC invocations=517 (full 3):
 PSYoungGen      total 2048K, used 320K [0x00000000d5580000, 0x00000000d5880000, 0x0000000100000000)
  eden space 1536K, 0% used [0x00000000d5580000,0x00000000d5580000,0x00000000d5700000)
  from space 512K, 62% used [0x00000000d5800000,0x00000000d5850000,0x00000000d5880000)
  to   space 512K, 0% used [0x00000000d5780000,0x00000000d5780000,0x00000000d5800000)
 ParOldGen       total 416256K, used 180303K [0x0000000080000000, 0x0000000099680000, 0x00000000d5580000)
  object space 416256K, 43% used [0x0000000080000000,0x000000008b013e08,0x0000000099680000)
 Metaspace       used 59178K, committed 60544K, reserved 1114112K
  class space    used 6216K, committed 6848K, reserved 1048576K
}
Event: 44.581 GC heap before
{Heap before GC invocations=518 (full 3):
 PSYoungGen      total 2048K, used 1856K [0x00000000d5580000, 0x00000000d5880000, 0x0000000100000000)
  eden space 1536K, 100% used [0x00000000d5580000,0x00000000d5700000,0x00000000d5700000)
  from space 512K, 62% used [0x00000000d5800000,0x00000000d5850000,0x00000000d5880000)
  to   space 512K, 0% used [0x00000000d5780000,0x00000000d5780000,0x00000000d5800000)
 ParOldGen       total 416256K, used 180303K [0x0000000080000000, 0x0000000099680000, 0x00000000d5580000)
  object space 416256K, 43% used [0x0000000080000000,0x000000008b013e08,0x0000000099680000)
 Metaspace       used 59180K, committed 60544K, reserved 1114112K
  class space    used 6216K, committed 6848K, reserved 1048576K
}
Event: 44.583 GC heap after
{Heap after GC invocations=518 (full 3):
 PSYoungGen      total 2048K, used 352K [0x00000000d5580000, 0x00000000d5880000, 0x0000000100000000)
  eden space 1536K, 0% used [0x00000000d5580000,0x00000000d5580000,0x00000000d5700000)
  from space 512K, 68% used [0x00000000d5780000,0x00000000d57d8000,0x00000000d5800000)
  to   space 512K, 0% used [0x00000000d5800000,0x00000000d5800000,0x00000000d5880000)
 ParOldGen       total 416256K, used 180463K [0x0000000080000000, 0x0000000099680000, 0x00000000d5580000)
  object space 416256K, 43% used [0x0000000080000000,0x000000008b03be08,0x0000000099680000)
 Metaspace       used 59180K, committed 60544K, reserved 1114112K
  class space    used 6216K, committed 6848K, reserved 1048576K
}
Event: 44.650 GC heap before
{Heap before GC invocations=519 (full 3):
 PSYoungGen      total 2048K, used 1888K [0x00000000d5580000, 0x00000000d5880000, 0x0000000100000000)
  eden space 1536K, 100% used [0x00000000d5580000,0x00000000d5700000,0x00000000d5700000)
  from space 512K, 68% used [0x00000000d5780000,0x00000000d57d8000,0x00000000d5800000)
  to   space 512K, 0% used [0x00000000d5800000,0x00000000d5800000,0x00000000d5880000)
 ParOldGen       total 416256K, used 180463K [0x0000000080000000, 0x0000000099680000, 0x00000000d5580000)
  object space 416256K, 43% used [0x0000000080000000,0x000000008b03be08,0x0000000099680000)
 Metaspace       used 59180K, committed 60544K, reserved 1114112K
  class space    used 6216K, committed 6848K, reserved 1048576K
}
Event: 44.652 GC heap after
{Heap after GC invocations=519 (full 3):
 PSYoungGen      total 2048K, used 288K [0x00000000d5580000, 0x00000000d5880000, 0x0000000100000000)
  eden space 1536K, 0% used [0x00000000d5580000,0x00000000d5580000,0x00000000d5700000)
  from space 512K, 56% used [0x00000000d5800000,0x00000000d5848000,0x00000000d5880000)
  to   space 512K, 0% used [0x00000000d5780000,0x00000000d5780000,0x00000000d5800000)
 ParOldGen       total 416256K, used 180623K [0x0000000080000000, 0x0000000099680000, 0x00000000d5580000)
  object space 416256K, 43% used [0x0000000080000000,0x000000008b063e08,0x0000000099680000)
 Metaspace       used 59180K, committed 60544K, reserved 1114112K
  class space    used 6216K, committed 6848K, reserved 1048576K
}
Event: 44.710 GC heap before
{Heap before GC invocations=520 (full 3):
 PSYoungGen      total 2048K, used 1824K [0x00000000d5580000, 0x00000000d5880000, 0x0000000100000000)
  eden space 1536K, 100% used [0x00000000d5580000,0x00000000d5700000,0x00000000d5700000)
  from space 512K, 56% used [0x00000000d5800000,0x00000000d5848000,0x00000000d5880000)
  to   space 512K, 0% used [0x00000000d5780000,0x00000000d5780000,0x00000000d5800000)
 ParOldGen       total 416256K, used 180623K [0x0000000080000000, 0x0000000099680000, 0x00000000d5580000)
  object space 416256K, 43% used [0x0000000080000000,0x000000008b063e08,0x0000000099680000)
 Metaspace       used 59180K, committed 60544K, reserved 1114112K
  class space    used 6216K, committed 6848K, reserved 1048576K
}
Event: 44.712 GC heap after
{Heap after GC invocations=520 (full 3):
 PSYoungGen      total 2048K, used 224K [0x00000000d5580000, 0x00000000d5880000, 0x0000000100000000)
  eden space 1536K, 0% used [0x00000000d5580000,0x00000000d5580000,0x00000000d5700000)
  from space 512K, 43% used [0x00000000d5780000,0x00000000d57b8000,0x00000000d5800000)
  to   space 512K, 0% used [0x00000000d5800000,0x00000000d5800000,0x00000000d5880000)
 ParOldGen       total 416256K, used 180679K [0x0000000080000000, 0x0000000099680000, 0x00000000d5580000)
  object space 416256K, 43% used [0x0000000080000000,0x000000008b071e08,0x0000000099680000)
 Metaspace       used 59180K, committed 60544K, reserved 1114112K
  class space    used 6216K, committed 6848K, reserved 1048576K
}
Event: 44.782 GC heap before
{Heap before GC invocations=521 (full 3):
 PSYoungGen      total 2048K, used 1760K [0x00000000d5580000, 0x00000000d5880000, 0x0000000100000000)
  eden space 1536K, 100% used [0x00000000d5580000,0x00000000d5700000,0x00000000d5700000)
  from space 512K, 43% used [0x00000000d5780000,0x00000000d57b8000,0x00000000d5800000)
  to   space 512K, 0% used [0x00000000d5800000,0x00000000d5800000,0x00000000d5880000)
 ParOldGen       total 416256K, used 180679K [0x0000000080000000, 0x0000000099680000, 0x00000000d5580000)
  object space 416256K, 43% used [0x0000000080000000,0x000000008b071e08,0x0000000099680000)
 Metaspace       used 59180K, committed 60544K, reserved 1114112K
  class space    used 6216K, committed 6848K, reserved 1048576K
}
Event: 44.784 GC heap after
{Heap after GC invocations=521 (full 3):
 PSYoungGen      total 2048K, used 288K [0x00000000d5580000, 0x00000000d5880000, 0x0000000100000000)
  eden space 1536K, 0% used [0x00000000d5580000,0x00000000d5580000,0x00000000d5700000)
  from space 512K, 56% used [0x00000000d5800000,0x00000000d5848000,0x00000000d5880000)
  to   space 512K, 0% used [0x00000000d5780000,0x00000000d5780000,0x00000000d5800000)
 ParOldGen       total 416256K, used 180815K [0x0000000080000000, 0x0000000099680000, 0x00000000d5580000)
  object space 416256K, 43% used [0x0000000080000000,0x000000008b093e08,0x0000000099680000)
 Metaspace       used 59180K, committed 60544K, reserved 1114112K
  class space    used 6216K, committed 6848K, reserved 1048576K
}
Event: 44.835 GC heap before
{Heap before GC invocations=522 (full 3):
 PSYoungGen      total 2048K, used 1824K [0x00000000d5580000, 0x00000000d5880000, 0x0000000100000000)
  eden space 1536K, 100% used [0x00000000d5580000,0x00000000d5700000,0x00000000d5700000)
  from space 512K, 56% used [0x00000000d5800000,0x00000000d5848000,0x00000000d5880000)
  to   space 512K, 0% used [0x00000000d5780000,0x00000000d5780000,0x00000000d5800000)
 ParOldGen       total 416256K, used 180815K [0x0000000080000000, 0x0000000099680000, 0x00000000d5580000)
  object space 416256K, 43% used [0x0000000080000000,0x000000008b093e08,0x0000000099680000)
 Metaspace       used 59180K, committed 60544K, reserved 1114112K
  class space    used 6216K, committed 6848K, reserved 1048576K
}
Event: 44.836 GC heap after
{Heap after GC invocations=522 (full 3):
 PSYoungGen      total 2048K, used 256K [0x00000000d5580000, 0x00000000d5880000, 0x0000000100000000)
  eden space 1536K, 0% used [0x00000000d5580000,0x00000000d5580000,0x00000000d5700000)
  from space 512K, 50% used [0x00000000d5780000,0x00000000d57c0000,0x00000000d5800000)
  to   space 512K, 0% used [0x00000000d5800000,0x00000000d5800000,0x00000000d5880000)
 ParOldGen       total 416256K, used 180895K [0x0000000080000000, 0x0000000099680000, 0x00000000d5580000)
  object space 416256K, 43% used [0x0000000080000000,0x000000008b0a7e08,0x0000000099680000)
 Metaspace       used 59180K, committed 60544K, reserved 1114112K
  class space    used 6216K, committed 6848K, reserved 1048576K
}
Event: 44.899 GC heap before
{Heap before GC invocations=523 (full 3):
 PSYoungGen      total 2048K, used 1792K [0x00000000d5580000, 0x00000000d5880000, 0x0000000100000000)
  eden space 1536K, 100% used [0x00000000d5580000,0x00000000d5700000,0x00000000d5700000)
  from space 512K, 50% used [0x00000000d5780000,0x00000000d57c0000,0x00000000d5800000)
  to   space 512K, 0% used [0x00000000d5800000,0x00000000d5800000,0x00000000d5880000)
 ParOldGen       total 416256K, used 180895K [0x0000000080000000, 0x0000000099680000, 0x00000000d5580000)
  object space 416256K, 43% used [0x0000000080000000,0x000000008b0a7e08,0x0000000099680000)
 Metaspace       used 59183K, committed 60544K, reserved 1114112K
  class space    used 6216K, committed 6848K, reserved 1048576K
}
Event: 44.901 GC heap after
{Heap after GC invocations=523 (full 3):
 PSYoungGen      total 2048K, used 288K [0x00000000d5580000, 0x00000000d5880000, 0x0000000100000000)
  eden space 1536K, 0% used [0x00000000d5580000,0x00000000d5580000,0x00000000d5700000)
  from space 512K, 56% used [0x00000000d5800000,0x00000000d5848000,0x00000000d5880000)
  to   space 512K, 0% used [0x00000000d5780000,0x00000000d5780000,0x00000000d5800000)
 ParOldGen       total 416256K, used 180983K [0x0000000080000000, 0x0000000099680000, 0x00000000d5580000)
  object space 416256K, 43% used [0x0000000080000000,0x000000008b0bde08,0x0000000099680000)
 Metaspace       used 59183K, committed 60544K, reserved 1114112K
  class space    used 6216K, committed 6848K, reserved 1048576K
}

Dll operation events (10 events):
Event: 0.037 Loaded shared library c:\Users\mimit\.vscode\extensions\redhat.java-1.44.0-win32-x64\jre\21.0.8-win32-x86_64\bin\java.dll
Event: 0.331 Loaded shared library c:\Users\mimit\.vscode\extensions\redhat.java-1.44.0-win32-x64\jre\21.0.8-win32-x86_64\bin\zip.dll
Event: 0.411 Loaded shared library C:\Users\mimit\.vscode\extensions\redhat.java-1.44.0-win32-x64\jre\21.0.8-win32-x86_64\bin\instrument.dll
Event: 0.426 Loaded shared library C:\Users\mimit\.vscode\extensions\redhat.java-1.44.0-win32-x64\jre\21.0.8-win32-x86_64\bin\net.dll
Event: 0.437 Loaded shared library C:\Users\mimit\.vscode\extensions\redhat.java-1.44.0-win32-x64\jre\21.0.8-win32-x86_64\bin\nio.dll
Event: 0.444 Loaded shared library C:\Users\mimit\.vscode\extensions\redhat.java-1.44.0-win32-x64\jre\21.0.8-win32-x86_64\bin\zip.dll
Event: 0.493 Loaded shared library C:\Users\mimit\.vscode\extensions\redhat.java-1.44.0-win32-x64\jre\21.0.8-win32-x86_64\bin\jimage.dll
Event: 0.759 Loaded shared library c:\Users\mimit\.vscode\extensions\redhat.java-1.44.0-win32-x64\jre\21.0.8-win32-x86_64\bin\verify.dll
Event: 3.470 Loaded shared library C:\Users\mimit\AppData\Roaming\Code\User\globalStorage\redhat.java\1.44.0\config_win\org.eclipse.equinox.launcher\org.eclipse.equinox.launcher.win32.win32.x86_64_1.2.1400.v20250730-1736\eclipse_11913.dll
Event: 17.617 Loaded shared library C:\Users\mimit\AppData\Local\Temp\jna-103899964\jna16470729380730865284.dll

Deoptimization events (20 events):
Event: 44.411 Thread 0x00000136727393b0 DEOPT PACKING pc=0x000001365dd29494 sp=0x00000022515feae0
Event: 44.411 Thread 0x00000136727393b0 DEOPT UNPACKING pc=0x0000013663f54242 sp=0x00000022515fe008 mode 0
Event: 44.547 Thread 0x0000013672734b80 DEOPT PACKING pc=0x000001365dc6f14d sp=0x0000002250efedc0
Event: 44.547 Thread 0x0000013672734b80 DEOPT UNPACKING pc=0x0000013663f54242 sp=0x0000002250efe220 mode 0
Event: 44.592 Thread 0x0000013672b60390 Uncommon trap: trap_request=0xffffffbe fr.pc=0x0000013664c6b734 relative=0x0000000000000294
Event: 44.592 Thread 0x0000013672b60390 Uncommon trap: reason=profile_predicate action=maybe_recompile pc=0x0000013664c6b734 method=sun.security.provider.HashDrbg.addBytes([BI[[B)V @ 36 c2
Event: 44.592 Thread 0x0000013672b60390 DEOPT PACKING pc=0x0000013664c6b734 sp=0x0000002250bfec90
Event: 44.592 Thread 0x0000013672b60390 DEOPT UNPACKING pc=0x0000013663f53aa2 sp=0x0000002250bfebe0 mode 2
Event: 44.605 Thread 0x00000136727393b0 Uncommon trap: trap_request=0xffffffbe fr.pc=0x0000013664c6b734 relative=0x0000000000000294
Event: 44.605 Thread 0x00000136727393b0 Uncommon trap: reason=profile_predicate action=maybe_recompile pc=0x0000013664c6b734 method=sun.security.provider.HashDrbg.addBytes([BI[[B)V @ 36 c2
Event: 44.605 Thread 0x00000136727393b0 DEOPT PACKING pc=0x0000013664c6b734 sp=0x00000022515fea40
Event: 44.605 Thread 0x00000136727393b0 DEOPT UNPACKING pc=0x0000013663f53aa2 sp=0x00000022515fe990 mode 2
Event: 44.615 Thread 0x0000013672b5f670 Uncommon trap: trap_request=0xffffffbe fr.pc=0x0000013664c6b734 relative=0x0000000000000294
Event: 44.615 Thread 0x0000013672b5f670 Uncommon trap: reason=profile_predicate action=maybe_recompile pc=0x0000013664c6b734 method=sun.security.provider.HashDrbg.addBytes([BI[[B)V @ 36 c2
Event: 44.615 Thread 0x0000013672b5f670 DEOPT PACKING pc=0x0000013664c6b734 sp=0x0000002250afed70
Event: 44.615 Thread 0x0000013672b5f670 DEOPT UNPACKING pc=0x0000013663f53aa2 sp=0x0000002250afecc0 mode 2
Event: 44.626 Thread 0x0000013672b5e950 Uncommon trap: trap_request=0xffffffbe fr.pc=0x0000013664c6b734 relative=0x0000000000000294
Event: 44.626 Thread 0x0000013672b5e950 Uncommon trap: reason=profile_predicate action=maybe_recompile pc=0x0000013664c6b734 method=sun.security.provider.HashDrbg.addBytes([BI[[B)V @ 36 c2
Event: 44.626 Thread 0x0000013672b5e950 DEOPT PACKING pc=0x0000013664c6b734 sp=0x00000022508feaf0
Event: 44.627 Thread 0x0000013672b5e950 DEOPT UNPACKING pc=0x0000013663f53aa2 sp=0x00000022508fea40 mode 2

Classes loaded (20 events):
Event: 32.260 Loading class java/nio/file/Files$2
Event: 32.261 Loading class java/nio/file/Files$2 done
Event: 32.455 Loading class java/util/concurrent/ArrayBlockingQueue
Event: 32.456 Loading class java/util/concurrent/ArrayBlockingQueue done
Event: 32.721 Loading class java/util/Hashtable$ValueCollection
Event: 32.722 Loading class java/util/Hashtable$ValueCollection done
Event: 32.769 Loading class java/util/concurrent/ConcurrentHashMap$KeySpliterator
Event: 32.769 Loading class java/util/concurrent/ConcurrentHashMap$KeySpliterator done
Event: 32.833 Loading class sun/nio/ch/ChannelOutputStream
Event: 32.833 Loading class sun/nio/ch/ChannelOutputStream done
Event: 33.327 Loading class sun/nio/cs/ISO_8859_1$Encoder
Event: 33.328 Loading class sun/nio/cs/ISO_8859_1$Encoder done
Event: 33.328 Loading class sun/nio/cs/Surrogate$Parser
Event: 33.338 Loading class sun/nio/cs/Surrogate$Parser done
Event: 33.339 Loading class sun/nio/cs/Surrogate
Event: 33.339 Loading class sun/nio/cs/Surrogate done
Event: 36.160 Loading class java/lang/invoke/MethodHandleImpl$CountingWrapper$1
Event: 36.160 Loading class java/lang/invoke/MethodHandleImpl$CountingWrapper$1 done
Event: 40.418 Loading class sun/nio/cs/ISO_8859_1$Decoder
Event: 40.418 Loading class sun/nio/cs/ISO_8859_1$Decoder done

Classes unloaded (17 events):
Event: 18.681 Thread 0x0000013670262850 Unloading class 0x00000136011aa000 'java/lang/invoke/LambdaForm$MH+0x00000136011aa000'
Event: 18.681 Thread 0x0000013670262850 Unloading class 0x00000136011a9c00 'java/lang/invoke/LambdaForm$MH+0x00000136011a9c00'
Event: 18.681 Thread 0x0000013670262850 Unloading class 0x00000136011a9800 'java/lang/invoke/LambdaForm$MH+0x00000136011a9800'
Event: 18.681 Thread 0x0000013670262850 Unloading class 0x00000136011a9400 'java/lang/invoke/LambdaForm$MH+0x00000136011a9400'
Event: 18.681 Thread 0x0000013670262850 Unloading class 0x00000136011a9000 'java/lang/invoke/LambdaForm$BMH+0x00000136011a9000'
Event: 18.681 Thread 0x0000013670262850 Unloading class 0x00000136011a8c00 'java/lang/invoke/LambdaForm$DMH+0x00000136011a8c00'
Event: 18.681 Thread 0x0000013670262850 Unloading class 0x00000136011a3800 'java/lang/invoke/LambdaForm$DMH+0x00000136011a3800'
Event: 42.448 Thread 0x0000013670262850 Unloading class 0x00000136016a5000 'java/lang/invoke/LambdaForm$DMH+0x00000136016a5000'
Event: 42.448 Thread 0x0000013670262850 Unloading class 0x00000136016a4400 'java/lang/invoke/LambdaForm$DMH+0x00000136016a4400'
Event: 42.448 Thread 0x0000013670262850 Unloading class 0x00000136016a4c00 'java/lang/invoke/LambdaForm$DMH+0x00000136016a4c00'
Event: 42.448 Thread 0x0000013670262850 Unloading class 0x00000136016a4000 'java/lang/invoke/LambdaForm$DMH+0x00000136016a4000'
Event: 42.448 Thread 0x0000013670262850 Unloading class 0x000001360168a800 'java/lang/invoke/LambdaForm$MH+0x000001360168a800'
Event: 42.448 Thread 0x0000013670262850 Unloading class 0x000001360168a000 'java/lang/invoke/LambdaForm$MH+0x000001360168a000'
Event: 42.448 Thread 0x0000013670262850 Unloading class 0x0000013601689800 'java/lang/invoke/LambdaForm$MH+0x0000013601689800'
Event: 42.448 Thread 0x0000013670262850 Unloading class 0x0000013601689000 'java/lang/invoke/LambdaForm$MH+0x0000013601689000'
Event: 42.448 Thread 0x0000013670262850 Unloading class 0x0000013601688c00 'java/lang/invoke/LambdaForm$MH+0x0000013601688c00'
Event: 42.448 Thread 0x0000013670262850 Unloading class 0x0000013601688000 'java/lang/invoke/LambdaForm$MH+0x0000013601688000'

Classes redefined (0 events):
No events

Internal exceptions (20 events):
Event: 35.816 Thread 0x000001367b9d64b0 Exception <a 'java/lang/NoSuchMethodError'{0x00000000d5646ae8}: 'java.lang.Object java.lang.invoke.DirectMethodHandle$Holder.newInvokeSpecial(java.lang.Object, java.lang.Object, java.lang.Object, java.lang.Object, java.lang.Object, java.lang.Object, java.lang.Object, java.lang.Object)'> (0x00000000d5646ae8) 
thrown [s\src\hotspot\share\interpreter\linkResolver.cpp, line 773]
Event: 35.826 Thread 0x000001367b9d64b0 Exception <a 'java/lang/NoSuchMethodError'{0x00000000d5780ff0}: 'java.lang.Object java.lang.invoke.DirectMethodHandle$Holder.invokeStatic(java.lang.Object, java.lang.Object, int, java.lang.Object, java.lang.Object)'> (0x00000000d5780ff0) 
thrown [s\src\hotspot\share\interpreter\linkResolver.cpp, line 773]
Event: 35.827 Thread 0x000001367b9d64b0 Exception <a 'java/lang/NoSuchMethodError'{0x00000000d5788360}: 'java.lang.Object java.lang.invoke.DirectMethodHandle$Holder.newInvokeSpecial(java.lang.Object, java.lang.Object, int)'> (0x00000000d5788360) 
thrown [s\src\hotspot\share\interpreter\linkResolver.cpp, line 773]
Event: 35.867 Thread 0x000001367b9d64b0 Exception <a 'java/lang/NoSuchMethodError'{0x00000000d5755eb8}: 'void java.lang.invoke.DirectMethodHandle$Holder.invokeStatic(java.lang.Object, int)'> (0x00000000d5755eb8) 
thrown [s\src\hotspot\share\interpreter\linkResolver.cpp, line 773]
Event: 36.135 Thread 0x000001367b9d64b0 Exception <a 'java/io/FileNotFoundException'{0x00000000d56679d8}> (0x00000000d56679d8) 
thrown [s\src\hotspot\share\prims\jni.cpp, line 520]
Event: 37.274 Thread 0x000001367b9d64b0 Implicit null exception at 0x00000136647af94a to 0x00000136647b0078
Event: 37.418 Thread 0x0000013672b60390 Implicit null exception at 0x0000013664b6fc58 to 0x0000013664b708f8
Event: 39.530 Thread 0x000001367b9d64b0 Exception <a 'java/lang/NoSuchMethodError'{0x00000000d59f3a40}: 'java.lang.Object java.lang.invoke.Invokers$Holder.invoker(java.lang.Object, java.lang.Object, java.lang.Object, java.lang.Object, java.lang.Object, java.lang.Object, java.lang.Object, java.lang.Object, java.lang.Object, java.lang.Object, java.lang.Object, java.lang.Object, java.lang.Object)'> (0x00000000d59f3a40) 
thrown [s\src\hotspot\share\interpreter\linkResolver.cpp, line 773]
Event: 39.538 Thread 0x000001367b9d64b0 Exception <a 'java/lang/NoSuchMethodError'{0x00000000d5592978}: 'java.lang.Object java.lang.invoke.DelegatingMethodHandle$Holder.delegate(java.lang.Object, java.lang.Object, java.lang.Object, java.lang.Object, java.lang.Object, java.lang.Object, java.lang.Object, java.lang.Object, java.lang.Object, java.lang.Object, java.lang.Object, java.lang.Object, java.lang.Object)'> (0x00000000d5592978) 
thrown [s\src\hotspot\share\interpreter\linkResolver.cpp, line 773]
Event: 39.799 Thread 0x000001367b9d64b0 Implicit null exception at 0x0000013664ad8fbb to 0x0000013664ad9370
Event: 39.836 Thread 0x000001367b9d64b0 Exception <a 'java/lang/NoSuchMethodError'{0x00000000d56dac08}: 'java.lang.Object java.lang.invoke.DirectMethodHandle$Holder.newInvokeSpecial(java.lang.Object, java.lang.Object, java.lang.Object, java.lang.Object, java.lang.Object, java.lang.Object, java.lang.Object)'> (0x00000000d56dac08) 
thrown [s\src\hotspot\share\interpreter\linkResolver.cpp, line 773]
Event: 39.869 Thread 0x000001367b9d64b0 Exception <a 'java/lang/NoSuchMethodError'{0x00000000d5580318}: 'void java.lang.invoke.DirectMethodHandle$Holder.invokeInterface(java.lang.Object, java.lang.Object)'> (0x00000000d5580318) 
thrown [s\src\hotspot\share\interpreter\linkResolver.cpp, line 773]
Event: 39.884 Thread 0x000001367896b740 Exception <a 'java/lang/NoSuchMethodError'{0x00000000d56efa50}: 'void java.lang.invoke.DirectMethodHandle$Holder.invokeSpecial(java.lang.Object, java.lang.Object, java.lang.Object, java.lang.Object, java.lang.Object, java.lang.Object, java.lang.Object, java.lang.Object)'> (0x00000000d56efa50) 
thrown [s\src\hotspot\share\interpreter\linkResolver.cpp, line 773]
Event: 39.884 Thread 0x000001367896ebc0 Exception <a 'java/lang/NoSuchMethodError'{0x00000000d56ee758}: 'void java.lang.invoke.DirectMethodHandle$Holder.invokeSpecial(java.lang.Object, java.lang.Object, java.lang.Object, java.lang.Object, java.lang.Object, java.lang.Object, java.lang.Object, java.lang.Object)'> (0x00000000d56ee758) 
thrown [s\src\hotspot\share\interpreter\linkResolver.cpp, line 773]
Event: 39.884 Thread 0x000001367896e530 Exception <a 'java/lang/NoSuchMethodError'{0x00000000d56ed688}: 'void java.lang.invoke.DirectMethodHandle$Holder.invokeSpecial(java.lang.Object, java.lang.Object, java.lang.Object, java.lang.Object, java.lang.Object, java.lang.Object, java.lang.Object, java.lang.Object)'> (0x00000000d56ed688) 
thrown [s\src\hotspot\share\interpreter\linkResolver.cpp, line 773]
Event: 39.884 Thread 0x000001367896b0b0 Exception <a 'java/lang/NoSuchMethodError'{0x00000000d56f0a98}: 'void java.lang.invoke.DirectMethodHandle$Holder.invokeSpecial(java.lang.Object, java.lang.Object, java.lang.Object, java.lang.Object, java.lang.Object, java.lang.Object, java.lang.Object, java.lang.Object)'> (0x00000000d56f0a98) 
thrown [s\src\hotspot\share\interpreter\linkResolver.cpp, line 773]
Event: 39.885 Thread 0x000001367896d810 Exception <a 'java/lang/NoSuchMethodError'{0x00000000d56f8fb0}: 'void java.lang.invoke.DirectMethodHandle$Holder.invokeSpecial(java.lang.Object, java.lang.Object, java.lang.Object, java.lang.Object, java.lang.Object, java.lang.Object, java.lang.Object, java.lang.Object)'> (0x00000000d56f8fb0) 
thrown [s\src\hotspot\share\interpreter\linkResolver.cpp, line 773]
Event: 40.607 Thread 0x000001367b9d64b0 Implicit null exception at 0x000001366493a737 to 0x000001366493b984
Event: 41.466 Thread 0x0000013672735210 Exception <a 'java/io/IOException'{0x00000000d55ffaa8}> (0x00000000d55ffaa8) 
thrown [s\src\hotspot\share\prims\jni.cpp, line 520]
Event: 41.466 Thread 0x0000013672735210 Exception <a 'java/io/IOException'{0x00000000d55ffdd0}> (0x00000000d55ffdd0) 
thrown [s\src\hotspot\share\prims\jni.cpp, line 520]

ZGC Phase Switch (0 events):
No events

VM Operations (20 events):
Event: 44.379 Executing VM operation: ParallelGCFailedAllocation (Allocation Failure)
Event: 44.380 Executing VM operation: ParallelGCFailedAllocation (Allocation Failure) done
Event: 44.437 Executing VM operation: ParallelGCFailedAllocation (Allocation Failure)
Event: 44.439 Executing VM operation: ParallelGCFailedAllocation (Allocation Failure) done
Event: 44.493 Executing VM operation: ParallelGCFailedAllocation (Allocation Failure)
Event: 44.495 Executing VM operation: ParallelGCFailedAllocation (Allocation Failure) done
Event: 44.517 Executing VM operation: ParallelGCFailedAllocation (Allocation Failure)
Event: 44.519 Executing VM operation: ParallelGCFailedAllocation (Allocation Failure) done
Event: 44.581 Executing VM operation: ParallelGCFailedAllocation (Allocation Failure)
Event: 44.583 Executing VM operation: ParallelGCFailedAllocation (Allocation Failure) done
Event: 44.650 Executing VM operation: ParallelGCFailedAllocation (Allocation Failure)
Event: 44.652 Executing VM operation: ParallelGCFailedAllocation (Allocation Failure) done
Event: 44.710 Executing VM operation: ParallelGCFailedAllocation (Allocation Failure)
Event: 44.713 Executing VM operation: ParallelGCFailedAllocation (Allocation Failure) done
Event: 44.782 Executing VM operation: ParallelGCFailedAllocation (Allocation Failure)
Event: 44.784 Executing VM operation: ParallelGCFailedAllocation (Allocation Failure) done
Event: 44.834 Executing VM operation: ParallelGCFailedAllocation (Allocation Failure)
Event: 44.837 Executing VM operation: ParallelGCFailedAllocation (Allocation Failure) done
Event: 44.899 Executing VM operation: ParallelGCFailedAllocation (Allocation Failure)
Event: 44.902 Executing VM operation: ParallelGCFailedAllocation (Allocation Failure) done

Memory protections (0 events):
No events

Nmethod flushes (20 events):
Event: 42.485 Thread 0x0000013670262850 flushing  nmethod 0x000001365d342f10
Event: 42.485 Thread 0x0000013670262850 flushing  nmethod 0x000001365d352d90
Event: 42.485 Thread 0x0000013670262850 flushing  nmethod 0x000001365d35bb10
Event: 42.485 Thread 0x0000013670262850 flushing  nmethod 0x000001365d390d90
Event: 42.485 Thread 0x0000013670262850 flushing  nmethod 0x000001365d391810
Event: 42.485 Thread 0x0000013670262850 flushing  nmethod 0x000001365d397b10
Event: 42.485 Thread 0x0000013670262850 flushing  nmethod 0x000001365d397f10
Event: 42.485 Thread 0x0000013670262850 flushing  nmethod 0x000001365d398490
Event: 42.485 Thread 0x0000013670262850 flushing  nmethod 0x000001365d39b810
Event: 42.485 Thread 0x0000013670262850 flushing  nmethod 0x000001365d39bb90
Event: 42.485 Thread 0x0000013670262850 flushing  nmethod 0x000001365d39ee90
Event: 42.485 Thread 0x0000013670262850 flushing  nmethod 0x000001365d39f490
Event: 42.485 Thread 0x0000013670262850 flushing  nmethod 0x000001365d3a0a10
Event: 42.485 Thread 0x0000013670262850 flushing  nmethod 0x000001365d3a0e90
Event: 42.485 Thread 0x0000013670262850 flushing  nmethod 0x000001365d3a1390
Event: 42.485 Thread 0x0000013670262850 flushing  nmethod 0x000001365d3a1a90
Event: 42.485 Thread 0x0000013670262850 flushing  nmethod 0x000001365d3a1e10
Event: 42.485 Thread 0x0000013670262850 flushing  nmethod 0x000001365d3a2390
Event: 42.485 Thread 0x0000013670262850 flushing  nmethod 0x000001365d3a2790
Event: 42.485 Thread 0x0000013670262850 flushing  nmethod 0x000001365d3a2b10

Events (20 events):
Event: 39.881 Thread 0x000001367b9d64b0 Thread added: 0x000001367896e530
Event: 39.881 Thread 0x000001367b9d64b0 Thread added: 0x000001367896d810
Event: 39.882 Thread 0x000001367b9d64b0 Thread added: 0x000001367896b740
Event: 39.882 Thread 0x000001367b9d64b0 Thread added: 0x000001367896b0b0
Event: 40.521 Thread 0x000001367896d810 Thread exited: 0x000001367896d810
Event: 40.521 Thread 0x000001367896b0b0 Thread exited: 0x000001367896b0b0
Event: 40.521 Thread 0x000001367896e530 Thread exited: 0x000001367896e530
Event: 40.521 Thread 0x000001367896ebc0 Thread exited: 0x000001367896ebc0
Event: 40.522 Thread 0x000001367896b740 Thread exited: 0x000001367896b740
Event: 41.660 Thread 0x0000013677839c70 Thread exited: 0x0000013677839c70
Event: 42.374 Thread 0x00000136721e3e90 Thread added: 0x0000013677839c70
Event: 42.639 Thread 0x0000013677839c70 Thread exited: 0x0000013677839c70
Event: 42.672 Thread 0x00000136721e3e90 Thread added: 0x0000013677839c70
Event: 42.675 Thread 0x000001367b9d64b0 Thread added: 0x000001367896f8e0
Event: 42.676 Thread 0x000001367b9d64b0 Thread added: 0x000001367896a390
Event: 42.677 Thread 0x000001367b9d64b0 Thread added: 0x000001367896d810
Event: 42.678 Thread 0x000001367b9d64b0 Thread added: 0x000001367896c460
Event: 42.678 Thread 0x000001367b9d64b0 Thread added: 0x000001367896aa20
Event: 43.891 Thread 0x0000013677839c70 Thread exited: 0x0000013677839c70
Event: 44.575 Thread 0x00000136721e3e90 Thread added: 0x000001367b2f2cf0


Dynamic libraries:
0x00007ff690c70000 - 0x00007ff690c7e000 	c:\Users\mimit\.vscode\extensions\redhat.java-1.44.0-win32-x64\jre\21.0.8-win32-x86_64\bin\java.exe
0x00007ffe2fed0000 - 0x00007ffe300c8000 	C:\Windows\SYSTEM32\ntdll.dll
0x00007ffe2ebe0000 - 0x00007ffe2eca2000 	C:\Windows\System32\KERNEL32.DLL
0x00007ffe2d5c0000 - 0x00007ffe2d8b7000 	C:\Windows\System32\KERNELBASE.dll
0x00007ffe2ddf0000 - 0x00007ffe2def0000 	C:\Windows\System32\ucrtbase.dll
0x00007ffdcd230000 - 0x00007ffdcd248000 	c:\Users\mimit\.vscode\extensions\redhat.java-1.44.0-win32-x64\jre\21.0.8-win32-x86_64\bin\jli.dll
0x00007ffe2e4b0000 - 0x00007ffe2e64d000 	C:\Windows\System32\USER32.dll
0x00007ffe2d590000 - 0x00007ffe2d5b2000 	C:\Windows\System32\win32u.dll
0x00007ffe2f340000 - 0x00007ffe2f36b000 	C:\Windows\System32\GDI32.dll
0x00007ffe2dc80000 - 0x00007ffe2dd99000 	C:\Windows\System32\gdi32full.dll
0x00007ffe2dad0000 - 0x00007ffe2db6d000 	C:\Windows\System32\msvcp_win.dll
0x00007ffdc8de0000 - 0x00007ffdc8dfe000 	c:\Users\mimit\.vscode\extensions\redhat.java-1.44.0-win32-x64\jre\21.0.8-win32-x86_64\bin\VCRUNTIME140.dll
0x00007ffe1d410000 - 0x00007ffe1d6aa000 	C:\Windows\WinSxS\amd64_microsoft.windows.common-controls_6595b64144ccf1df_6.0.19041.5915_none_60b4b9d171f9c7c7\COMCTL32.dll
0x00007ffe2f290000 - 0x00007ffe2f32e000 	C:\Windows\System32\msvcrt.dll
0x00007ffe2f260000 - 0x00007ffe2f28f000 	C:\Windows\System32\IMM32.DLL
0x00007ffde7920000 - 0x00007ffde792c000 	c:\Users\mimit\.vscode\extensions\redhat.java-1.44.0-win32-x64\jre\21.0.8-win32-x86_64\bin\vcruntime140_1.dll
0x00007ffdbb130000 - 0x00007ffdbb1bd000 	c:\Users\mimit\.vscode\extensions\redhat.java-1.44.0-win32-x64\jre\21.0.8-win32-x86_64\bin\msvcp140.dll
0x00007ffda29e0000 - 0x00007ffda3777000 	c:\Users\mimit\.vscode\extensions\redhat.java-1.44.0-win32-x64\jre\21.0.8-win32-x86_64\bin\server\jvm.dll
0x00007ffe2f1a0000 - 0x00007ffe2f251000 	C:\Windows\System32\ADVAPI32.dll
0x00007ffe2f5a0000 - 0x00007ffe2f63f000 	C:\Windows\System32\sechost.dll
0x00007ffe2f070000 - 0x00007ffe2f196000 	C:\Windows\System32\RPCRT4.dll
0x00007ffe2d560000 - 0x00007ffe2d587000 	C:\Windows\System32\bcrypt.dll
0x00007ffe2ef20000 - 0x00007ffe2ef8b000 	C:\Windows\System32\WS2_32.dll
0x00007ffe21dc0000 - 0x00007ffe21de7000 	C:\Windows\SYSTEM32\WINMM.dll
0x00007ffe23c10000 - 0x00007ffe23c1a000 	C:\Windows\SYSTEM32\VERSION.dll
0x00007ffe2ca80000 - 0x00007ffe2cacb000 	C:\Windows\SYSTEM32\POWRPROF.dll
0x00007ffe2c930000 - 0x00007ffe2c942000 	C:\Windows\SYSTEM32\UMPDC.dll
0x00007ffe2b3a0000 - 0x00007ffe2b3b2000 	C:\Windows\SYSTEM32\kernel.appcore.dll
0x00007ffdc8da0000 - 0x00007ffdc8daa000 	c:\Users\mimit\.vscode\extensions\redhat.java-1.44.0-win32-x64\jre\21.0.8-win32-x86_64\bin\jimage.dll
0x00007ffe265e0000 - 0x00007ffe267e1000 	C:\Windows\SYSTEM32\DBGHELP.DLL
0x00007ffe1c330000 - 0x00007ffe1c364000 	C:\Windows\SYSTEM32\dbgcore.DLL
0x00007ffe2dbf0000 - 0x00007ffe2dc72000 	C:\Windows\System32\bcryptPrimitives.dll
0x00007ffde5130000 - 0x00007ffde513f000 	c:\Users\mimit\.vscode\extensions\redhat.java-1.44.0-win32-x64\jre\21.0.8-win32-x86_64\bin\instrument.dll
0x00007ffdc8cf0000 - 0x00007ffdc8d0f000 	c:\Users\mimit\.vscode\extensions\redhat.java-1.44.0-win32-x64\jre\21.0.8-win32-x86_64\bin\java.dll
0x00007ffe2f720000 - 0x00007ffe2fe8e000 	C:\Windows\System32\SHELL32.dll
0x00007ffe2b5a0000 - 0x00007ffe2bd44000 	C:\Windows\SYSTEM32\windows.storage.dll
0x00007ffe2e150000 - 0x00007ffe2e4a3000 	C:\Windows\System32\combase.dll
0x00007ffe2cf90000 - 0x00007ffe2cfbb000 	C:\Windows\SYSTEM32\Wldp.dll
0x00007ffe2f650000 - 0x00007ffe2f71d000 	C:\Windows\System32\OLEAUT32.dll
0x00007ffe2e0a0000 - 0x00007ffe2e14d000 	C:\Windows\System32\SHCORE.dll
0x00007ffe2f3d0000 - 0x00007ffe2f42b000 	C:\Windows\System32\shlwapi.dll
0x00007ffe2d490000 - 0x00007ffe2d4b4000 	C:\Windows\SYSTEM32\profapi.dll
0x00007ffdc30a0000 - 0x00007ffdc30b8000 	c:\Users\mimit\.vscode\extensions\redhat.java-1.44.0-win32-x64\jre\21.0.8-win32-x86_64\bin\zip.dll
0x00007ffe0fba0000 - 0x00007ffe0fbb0000 	C:\Users\mimit\.vscode\extensions\redhat.java-1.44.0-win32-x64\jre\21.0.8-win32-x86_64\bin\net.dll
0x00007ffe24e20000 - 0x00007ffe24f2a000 	C:\Windows\SYSTEM32\WINHTTP.dll
0x00007ffe2ccf0000 - 0x00007ffe2cd5a000 	C:\Windows\system32\mswsock.dll
0x00007ffe0f940000 - 0x00007ffe0f956000 	C:\Users\mimit\.vscode\extensions\redhat.java-1.44.0-win32-x64\jre\21.0.8-win32-x86_64\bin\nio.dll
0x00007ffe0fb90000 - 0x00007ffe0fba0000 	c:\Users\mimit\.vscode\extensions\redhat.java-1.44.0-win32-x64\jre\21.0.8-win32-x86_64\bin\verify.dll
0x00007ffde3a70000 - 0x00007ffde3ab5000 	C:\Users\mimit\AppData\Roaming\Code\User\globalStorage\redhat.java\1.44.0\config_win\org.eclipse.equinox.launcher\org.eclipse.equinox.launcher.win32.win32.x86_64_1.2.1400.v20250730-1736\eclipse_11913.dll
0x00007ffe2edf0000 - 0x00007ffe2ef1b000 	C:\Windows\System32\ole32.dll
0x00007ffe2cef0000 - 0x00007ffe2cf08000 	C:\Windows\SYSTEM32\CRYPTSP.dll
0x00007ffe2c570000 - 0x00007ffe2c5a8000 	C:\Windows\system32\rsaenh.dll
0x00007ffe2d450000 - 0x00007ffe2d47e000 	C:\Windows\SYSTEM32\USERENV.dll
0x00007ffe2cee0000 - 0x00007ffe2ceec000 	C:\Windows\SYSTEM32\CRYPTBASE.dll
0x00007ffe2c960000 - 0x00007ffe2c99b000 	C:\Windows\SYSTEM32\IPHLPAPI.DLL
0x00007ffe2f640000 - 0x00007ffe2f648000 	C:\Windows\System32\NSI.dll
0x00007ffde38e0000 - 0x00007ffde3929000 	C:\Users\mimit\AppData\Local\Temp\jna-103899964\jna16470729380730865284.dll
0x00007ffe2ebd0000 - 0x00007ffe2ebd8000 	C:\Windows\System32\PSAPI.DLL
0x00007ffe26170000 - 0x00007ffe26187000 	C:\Windows\SYSTEM32\dhcpcsvc6.DLL
0x00007ffe268f0000 - 0x00007ffe2690d000 	C:\Windows\SYSTEM32\dhcpcsvc.DLL

JVMTI agents:
c:\Users\mimit\.vscode\extensions\redhat.java-1.44.0-win32-x64\lombok\lombok-1.18.39-4050.jar path:c:\Users\mimit\.vscode\extensions\redhat.java-1.44.0-win32-x64\jre\21.0.8-win32-x86_64\bin\instrument.dll, loaded, initialized, instrumentlib options:none

dbghelp: loaded successfully - version: 4.0.5 - missing functions: none
symbol engine: initialized successfully - sym options: 0x614 - pdb path: .;c:\Users\mimit\.vscode\extensions\redhat.java-1.44.0-win32-x64\jre\21.0.8-win32-x86_64\bin;C:\Windows\SYSTEM32;C:\Windows\WinSxS\amd64_microsoft.windows.common-controls_6595b64144ccf1df_6.0.19041.5915_none_60b4b9d171f9c7c7;c:\Users\mimit\.vscode\extensions\redhat.java-1.44.0-win32-x64\jre\21.0.8-win32-x86_64\bin\server;C:\Users\mimit\AppData\Roaming\Code\User\globalStorage\redhat.java\1.44.0\config_win\org.eclipse.equinox.launcher\org.eclipse.equinox.launcher.win32.win32.x86_64_1.2.1400.v20250730-1736;C:\Users\mimit\AppData\Local\Temp\jna-103899964

VM Arguments:
jvm_args: --add-modules=ALL-SYSTEM --add-opens=java.base/java.util=ALL-UNNAMED --add-opens=java.base/java.lang=ALL-UNNAMED --add-opens=java.base/sun.nio.fs=ALL-UNNAMED -Declipse.application=org.eclipse.jdt.ls.core.id1 -Dosgi.bundles.defaultStartLevel=4 -Declipse.product=org.eclipse.jdt.ls.core.product -Djava.import.generatesMetadataFilesAtProjectRoot=false -DDetectVMInstallationsJob.disabled=true -Dfile.encoding=utf8 -XX:+UseParallelGC -XX:GCTimeRatio=4 -XX:AdaptiveSizePolicyWeight=90 -Dsun.zip.disableMemoryMapping=true -Xmx2G -Xms100m -Xlog:disable -javaagent:c:\Users\mimit\.vscode\extensions\redhat.java-1.44.0-win32-x64\lombok\lombok-1.18.39-4050.jar -XX:+HeapDumpOnOutOfMemoryError -XX:HeapDumpPath=c:\Users\mimit\AppData\Roaming\Code\User\workspaceStorage\c500566edd2b8e86bb1b50e6f5aad8b1\redhat.java -Daether.dependencyCollector.impl=bf 
java_command: c:\Users\mimit\.vscode\extensions\redhat.java-1.44.0-win32-x64\server\plugins\org.eclipse.equinox.launcher_1.7.0.v20250519-0528.jar -configuration c:\Users\mimit\AppData\Roaming\Code\User\globalStorage\redhat.java\1.44.0\config_win -data c:\Users\mimit\AppData\Roaming\Code\User\workspaceStorage\c500566edd2b8e86bb1b50e6f5aad8b1\redhat.java\jdt_ws --pipe=\\.\pipe\lsp-84bef2feed2f07dcabfe21960c0de82d-sock
java_class_path (initial): c:\Users\mimit\.vscode\extensions\redhat.java-1.44.0-win32-x64\server\plugins\org.eclipse.equinox.launcher_1.7.0.v20250519-0528.jar
Launcher Type: SUN_STANDARD

[Global flags]
    uintx AdaptiveSizePolicyWeight                 = 90                                        {product} {command line}
     intx CICompilerCount                          = 4                                         {product} {ergonomic}
    uintx GCTimeRatio                              = 4                                         {product} {command line}
     bool HeapDumpOnOutOfMemoryError               = true                                   {manageable} {command line}
    ccstr HeapDumpPath                             = c:\Users\mimit\AppData\Roaming\Code\User\workspaceStorage\c500566edd2b8e86bb1b50e6f5aad8b1\redhat.java         {manageable} {command line}
   size_t InitialHeapSize                          = 104857600                                 {product} {command line}
   size_t MaxHeapSize                              = 2147483648                                {product} {command line}
   size_t MaxNewSize                               = 715653120                                 {product} {ergonomic}
   size_t MinHeapDeltaBytes                        = 524288                                    {product} {ergonomic}
   size_t MinHeapSize                              = 104857600                                 {product} {command line}
   size_t NewSize                                  = 34603008                                  {product} {ergonomic}
    uintx NonNMethodCodeHeapSize                   = 5839372                                {pd product} {ergonomic}
    uintx NonProfiledCodeHeapSize                  = 122909434                              {pd product} {ergonomic}
   size_t OldSize                                  = 70254592                                  {product} {ergonomic}
    uintx ProfiledCodeHeapSize                     = 122909434                              {pd product} {ergonomic}
    uintx ReservedCodeCacheSize                    = 251658240                              {pd product} {ergonomic}
     bool SegmentedCodeCache                       = true                                      {product} {ergonomic}
   size_t SoftMaxHeapSize                          = 2147483648                             {manageable} {ergonomic}
     bool UseCompressedOops                        = true                           {product lp64_product} {ergonomic}
     bool UseLargePagesIndividualAllocation        = false                                  {pd product} {ergonomic}
     bool UseParallelGC                            = true                                      {product} {command line}

Logging:
Log output configuration:
 #0: stdout all=off uptime,level,tags foldmultilines=false
 #1: stderr all=off uptime,level,tags foldmultilines=false

Environment Variables:
PATH=C:\Program Files\Eclipse Adoptium\jdk-19\bin;C:\oraclexe\app\oracle\product\11.2.0\server\bin;C:\Program Files\Common Files\Oracle\Java\javapath;C:\Program Files (x86)\Common Files\Oracle\Java\javapath;C:\Program Files\Microsoft\jdk-11.0.12.7-hotspot\bin;C:\Windows\system32;C:\Windows;C:\Windows\System32\Wbem;C:\Windows\System32\WindowsPowerShell\v1.0\;C:\Windows\System32\OpenSSH\;C:\Program Files\Git\cmd;C:\Users\mimit\OneDrive\Documentos\GitHub\webapp3a\backend\movieframe\apache-maven-3.9.1\bin;C:\apache-cassandra-3.11.14\bin;C:\mongodb\bin;C:\Program Files\PuTTY\;C:\ProgramData\chocolatey\bin;C:\Users\mimit\AppData\Local\Programs\Python312\Scripts;C:\Users\mimit\AppData\Local\Programs\Python312;C:\Program Files\nodejs\;C:\javafx-sdk-21.0.6\bin;C:\Program Files\Inkscape\bin;C:\Program Files (x86)\Windows Kits\10\Windows Performance Toolkit\;C:\Program Files\Docker\Docker\resources\bin;C:\Users\mimit\AppData\Roaming\local\bin;C:\Program Files\MySQL\MySQL Shell 8.0\bin\;C:\Users\mimit\AppData\Local\Microsoft\WindowsApps;C:\Users\mimit\AppData\Local\Programs\Microsoft VS Code\bin;C:\Users\mimit\AppData\Local\GitHubDesktop\bin;C:\ProgramData\mimit\GitHubDesktop\bin;C:\Users\mimit\AppData\Roaming\cabal\bin;C:\tools\ghc-9.6.2\bin;C:\tools\msys64;C:\ghcup\bin;C:\Users\mimit\AppData\Roaming\npm;C:\Users\mimit\AppData\Local\Microsoft\WinGet\Packages\Schniz.fnm_Microsoft.Winget.Source_8wekyb3d8bbwe
USERNAME=mimit
OS=Windows_NT
PROCESSOR_IDENTIFIER=AMD64 Family 23 Model 104 Stepping 1, AuthenticAMD
TMP=C:\Users\mimit\AppData\Local\Temp
TEMP=C:\Users\mimit\AppData\Local\Temp




Periodic native trim disabled

---------------  S Y S T E M  ---------------

OS:
 Windows 10 , 64 bit Build 19041 (10.0.19041.5915)
OS uptime: 0 days 0:08 hours
Hyper-V role detected

CPU: total 12 (initial active 12) (12 cores per cpu, 2 threads per core) family 23 model 104 stepping 1 microcode 0x0, cx8, cmov, fxsr, ht, mmx, 3dnowpref, sse, sse2, sse3, ssse3, sse4a, sse4.1, sse4.2, popcnt, lzcnt, tsc, tscinvbit, avx, avx2, aes, clmul, bmi1, bmi2, adx, sha, fma, vzeroupper, clflush, clflushopt, hv, rdtscp, rdpid, f16c
Processor Information for the first 12 processors :
  Max Mhz: 2100, Current Mhz: 1670, Mhz Limit: 2100

Memory: 4k page, system-wide physical 15772M (550M free)
TotalPageFile size 25912M (AvailPageFile size 108M)
current process WorkingSet (physical memory assigned to process): 764M, peak: 764M
current process commit charge ("private bytes"): 710M, peak: 710M

vm_info: OpenJDK 64-Bit Server VM (21.0.8+9-LTS) for windows-amd64 JRE (21.0.8+9-LTS), built on 2025-07-15T00:00:00Z by "admin" with MS VC++ 17.7 (VS2022)

END.
